learning_rate : 0.0001
max_steps : 5000
batch_size : 32
eval_freq : 500
data_dir : ./cifar10/cifar-10-batches-py
Device:  cuda
Step 1 of project Take Over the World:
Distinguish cats from dogs.
step 0 out of 5000
    loss: 2.260760286745553, accuracy: 0.14986022364217252
step 500 out of 5000
    loss: 1.1419377231750245, accuracy: 0.5905551118210862
step 1000 out of 5000
    loss: 1.008168088361478, accuracy: 0.6413738019169329
step 1500 out of 5000
    loss: 0.9487596954019687, accuracy: 0.6632388178913738
step 2000 out of 5000
    loss: 0.8278160358008485, accuracy: 0.713158945686901
step 2500 out of 5000
    loss: 0.7832547205324751, accuracy: 0.7305311501597445
step 3000 out of 5000
    loss: 0.7544802985252282, accuracy: 0.7396166134185304
step 3500 out of 5000
    loss: 0.7394750339154619, accuracy: 0.7521964856230032
step 4000 out of 5000
    loss: 0.7176914321728789, accuracy: 0.7544928115015974
step 4500 out of 5000
    loss: 0.6734916943902025, accuracy: 0.7687699680511182
saving results in folder...
savign model
Training finished successfully. 
Note to self, cats are pure evil.
