learning_rate : 0.0001
max_steps : 5000
batch_size : 32
eval_freq : 500
data_dir : ./cifar10/cifar-10-batches-py
Device:  cuda
Step 1 of project Take Over the World:
Distinguish cats from dogs.
step 0 out of 5000
    loss: 2.2888851188623107, accuracy: 0.14516773162939298
step 500 out of 5000
    loss: 1.1153536469410783, accuracy: 0.6069289137380192
step 1000 out of 5000
    loss: 0.999963360472609, accuracy: 0.6515575079872205
step 1500 out of 5000
    loss: 0.9182918219330212, accuracy: 0.6762180511182109
step 2000 out of 5000
    loss: 0.8292484007323512, accuracy: 0.7138578274760383
step 2500 out of 5000
    loss: 0.7600312530042265, accuracy: 0.7421126198083067
step 3000 out of 5000
    loss: 0.7481326153293585, accuracy: 0.7388178913738019
step 3500 out of 5000
    loss: 0.7218481819279278, accuracy: 0.7567891373801917
step 4000 out of 5000
    loss: 0.6833568920913976, accuracy: 0.7672723642172524
step 4500 out of 5000
    loss: 0.6659476460454563, accuracy: 0.7689696485623003
step 4999 out of 5000
    loss: 0.6942062264623733, accuracy: 0.7667731629392971
saving results in folder...
savign model
Training finished successfully. 
Note to self, cats are pure evil.
